<?xml version="1.0" encoding="UTF-8"?>
<!-- Generated by org.testng.reporters.JUnitXMLReporter -->
<testsuite ignored="0" hostname="LAPTOP-J11C14AH" failures="1" tests="3" name="TestNg Firefox on Windows 11" time="160.561" errors="0" timestamp="2025-01-29T19:26:00 IST">
  <testcase classname="TestNgPKG.window_10_FFox_TNg" name="Scenario1" time="7.776">
    <failure type="java.lang.AssertionError" message="The following asserts failed:
	Page Title is not as expected! expected [LambdaTest] but found [Selenium Grid Online | Run Selenium Test On Cloud]">
      <![CDATA[java.lang.AssertionError: The following asserts failed:
Page Title is not as expected! expected [LambdaTest] but found [Selenium Grid Online | Run Selenium Test On Cloud]
at TestNgPKG.window_10_FFox_TNg.Scenario1(window_10_FFox_TNg.java:75)
at java.base/java.util.concurrent.FutureTask.run(FutureTask.java:317)
at java.base/java.util.concurrent.ThreadPoolExecutor.runWorker(ThreadPoolExecutor.java:1144)
at java.base/java.util.concurrent.ThreadPoolExecutor$Worker.run(ThreadPoolExecutor.java:642)
at java.base/java.lang.Thread.run(Thread.java:1575)
... Removed 8 stack frames]]>
    </failure>
  </testcase> <!-- Scenario1 -->
  <testcase classname="TestNgPKG.window_10_FFox_TNg" name="Scenario2" time="15.664"/>
  <testcase classname="TestNgPKG.window_10_FFox_TNg" name="Scenario3" time="15.655"/>
</testsuite> <!-- TestNg Firefox on Windows 11 -->
